frontend/wyd_front/build/app/outputs/mapping/release/seeds.txt
com.example.wyd_front.MainActivity
com.example.wyd_front.MainActivity: MainActivity()
...
androidx.window.layout.SidecarCompat: androidx.window.layout.WindowLayoutInfo getWindowLayoutInfo(android.app.Activity)
io.flutter.embedding.engine.FlutterJNI: void nativePrefetchDefaultFontManager()
androidx.window.core.Version$Companion: androidx.window.core.Version parse(java.lang.String)
io.flutter.view.AccessibilityViewEmbedder: boolean requestSendAccessibilityEvent(android.view.View,android.view.View,android.view.accessibility.AccessibilityEvent)
io.flutter.embedding.engine.mutatorsstack.FlutterMutatorsStack: java.util.List getFinalClippingPaths()
androidx.window.embedding.MatcherUtils: MatcherUtils()
io.flutter.embedding.engine.renderer.FlutterRenderer$ImageTextureRegistryEntry: void finalize()
io.flutter.embedding.engine.renderer.SurfaceTextureWrapper: android.graphics.SurfaceTexture surfaceTexture()
androidx.window.core.Version: boolean equals(java.lang.Object)
io.flutter.embedding.engine.FlutterJNI: void nativeInvokePlatformMessageResponseCallback(long,int,java.nio.ByteBuffer,int)
io.flutter.embedding.engine.FlutterJNI: void nativeSurfaceChanged(long,int,int)
androidx.window.layout.SidecarAdapter: SidecarAdapter()
androidx.lifecycle.Lifecycle$Event: androidx.lifecycle.Lifecycle$Event[] values()
io.flutter.embedding.android.FlutterView: void setWindowInfoListenerDisplayFeatures(androidx.window.layout.WindowLayoutInfo)
io.flutter.view.AccessibilityBridge$TextDirection: io.flutter.view.AccessibilityBridge$TextDirection[] values()
androidx.window.embedding.ExtensionEmbeddingBackend$EmbeddingCallbackImpl: ExtensionEmbeddingBackend$EmbeddingCallbackImpl(androidx.window.embedding.ExtensionEmbeddingBackend)
io.flutter.embedding.android.FlutterActivityLaunchConfigs$BackgroundMode: io.flutter.embedding.android.FlutterActivityLaunchConfigs$BackgroundMode valueOf(java.lang.String)
androidx.window.layout.WindowInfoTracker: kotlinx.coroutines.flow.Flow windowLayoutInfo(android.app.Activity)
androidx.window.embedding.EmbeddingBackend: void unregisterRule(androidx.window.embedding.EmbeddingRule)
kotlin.collections.IntIterator: IntIterator()
io.flutter.embedding.engine.renderer.FlutterRenderer$ImageReaderSurfaceProducer: void pruneImageReaderQueue()
io.flutter.embedding.engine.renderer.FlutterRenderer$ImageReaderSurfaceProducer: android.media.ImageReader createImageReader()
androidx.window.embedding.SplitController: void setStaticSplitRules(java.util.Set)
androidx.window.embedding.SplitPlaceholderRule: androidx.window.embedding.SplitPlaceholderRule plus$window_release(androidx.window.embedding.ActivityFilter)
androidx.window.embedding.SplitController: androidx.window.embedding.SplitController access$getGlobalInstance$cp()
androidx.window.layout.SidecarAdapter: boolean isEqualSidecarDisplayFeatures(java.util.List,java.util.List)
androidx.window.layout.HardwareFoldingFeature: java.lang.String toString()
io.flutter.embedding.engine.FlutterJNI: void ensureAttachedToNative()
androidx.window.layout.WindowInfoTrackerImpl$windowLayoutInfo$1: java.lang.Object invokeSuspend(java.lang.Object)
kotlinx.coroutines.internal.OpDescriptor: OpDescriptor()
androidx.window.layout.WindowMetricsCalculator$Companion$overrideDecorator$1: java.lang.Object invoke(java.lang.Object)
androidx.window.layout.WindowMetricsCalculator$Companion: WindowMetricsCalculator$Companion()
androidx.window.layout.DisplayCompatHelperApi28: DisplayCompatHelperApi28()
io.flutter.view.TextureRegistry$SurfaceTextureEntry: android.graphics.SurfaceTexture surfaceTexture()
androidx.window.embedding.ActivityFilter: boolean matchesActivity(android.app.Activity)
androidx.window.embedding.SplitInfo: boolean contains(android.app.Activity)
androidx.window.embedding.ExtensionEmbeddingBackend: java.util.concurrent.locks.ReentrantLock access$getGlobalLock$cp()
io.flutter.embedding.engine.renderer.SurfaceTextureWrapper: boolean shouldUpdate()