frontend/wyd_front/build/app/outputs/mapping/release/mapping.txt
# compiler: R8
# compiler_version: 3.3.70
# min_api: 21
# common_typos_disable
# {"id":"com.android.tools.r8.mapping","version":"2.0"}
# pg_map_id: 5cfb2cc
# pg_map_hash: SHA-256 5cfb2cc347627cc67d1841dde4314275282d05f91c672dd576f2782aefd789ed
...
kotlin.ranges.IntRange$Companion -> n0.c$a:
    kotlin.ranges.IntRange getEMPTY() -> a
kotlin.ranges.RangesKt -> n0.d:
    int coerceAtLeast(int,int) -> a
      # {"id":"com.android.tools.r8.synthesized"}
    long coerceAtLeast(long,long) -> b
      # {"id":"com.android.tools.r8.synthesized"}
    int coerceAtMost(int,int) -> c
      # {"id":"com.android.tools.r8.synthesized"}
    long coerceAtMost(long,long) -> d
      # {"id":"com.android.tools.r8.synthesized"}
    int coerceIn(int,int,int) -> e
      # {"id":"com.android.tools.r8.synthesized"}
    kotlin.ranges.IntProgression downTo(int,int) -> f
      # {"id":"com.android.tools.r8.synthesized"}
    kotlin.ranges.IntRange until(int,int) -> g
      # {"id":"com.android.tools.r8.synthesized"}
kotlin.ranges.RangesKt__RangesKt -> n0.e:
kotlin.ranges.RangesKt___RangesKt -> n0.f:
    int coerceAtLeast(int,int) -> a
    long coerceAtLeast(long,long) -> b
    int coerceAtMost(int,int) -> c
    long coerceAtMost(long,long) -> d
    int coerceIn(int,int,int) -> e
    kotlin.ranges.IntProgression downTo(int,int) -> f
    kotlin.ranges.IntRange until(int,int) -> g
kotlin.reflect.KAnnotatedElement -> o0.a:
kotlin.reflect.KCallable -> o0.b:
kotlin.reflect.KClass -> o0.c:
    java.lang.String getSimpleName() -> a
kotlin.reflect.KDeclarationContainer -> o0.d:
kotlin.reflect.KFunction -> o0.e:
kotlin.reflect.KType -> o0.f:
kotlin.reflect.KVisibility -> o0.g:
    kotlin.reflect.KVisibility[] $VALUES -> h
    kotlin.reflect.KVisibility PUBLIC -> d
    kotlin.reflect.KVisibility PROTECTED -> e
    kotlin.reflect.KVisibility INTERNAL -> f
    kotlin.reflect.KVisibility PRIVATE -> g
    kotlin.reflect.KVisibility[] $values() -> a
kotlin.sequences.ConstrainedOnceSequence -> p0.a:
    java.util.concurrent.atomic.AtomicReference sequenceRef -> a
kotlin.sequences.Sequence -> p0.b:
kotlin.sequences.SequencesKt -> p0.c:
    kotlin.sequences.Sequence asSequence(java.util.Iterator) -> a
      # {"id":"com.android.tools.r8.synthesized"}
    kotlin.sequences.Sequence map(kotlin.sequences.Sequence,kotlin.jvm.functions.Function1) -> c
      # {"id":"com.android.tools.r8.synthesized"}
    java.util.List toList(kotlin.sequences.Sequence) -> e
      # {"id":"com.android.tools.r8.synthesized"}
kotlin.sequences.SequencesKt__SequenceBuilderKt -> p0.d:
kotlin.sequences.SequencesKt__SequencesJVMKt -> p0.e:
kotlin.sequences.SequencesKt__SequencesKt -> p0.f:
    kotlin.sequences.Sequence asSequence(java.util.Iterator) -> a
    kotlin.sequences.Sequence constrainOnce(kotlin.sequences.Sequence) -> b
kotlin.sequences.SequencesKt__SequencesKt$asSequence$$inlined$Sequence$1 -> p0.f$a:
    java.util.Iterator $this_asSequence$inlined -> a
kotlin.sequences.SequencesKt___SequencesJvmKt -> p0.g:
kotlin.sequences.SequencesKt___SequencesKt -> p0.h:
    kotlin.sequences.Sequence map(kotlin.sequences.Sequence,kotlin.jvm.functions.Function1) -> c
    java.util.Collection toCollection(kotlin.sequences.Sequence,java.util.Collection) -> d
    java.util.List toList(kotlin.sequences.Sequence) -> e
    java.util.List toMutableList(kotlin.sequences.Sequence) -> f
kotlin.sequences.TransformingSequence -> p0.i:
    kotlin.sequences.Sequence sequence -> a
    kotlin.jvm.functions.Function1 transformer -> b
    kotlin.sequences.Sequence access$getSequence$p(kotlin.sequences.TransformingSequence) -> a
    kotlin.jvm.functions.Function1 access$getTransformer$p(kotlin.sequences.TransformingSequence) -> b
kotlin.sequences.TransformingSequence$iterator$1 -> p0.i$a:
    java.util.Iterator iterator -> d
    kotlin.sequences.TransformingSequence this$0 -> e
kotlin.text.CharsKt__CharJVMKt -> q0.a:
    int checkRadix(int) -> a
    int digitOf(char,int) -> b
    boolean isWhitespace(char) -> c
kotlin.text.CharsKt__CharKt -> q0.b:
    boolean equals(char,char,boolean) -> d