frontend/wyd_front/build/app/outputs/mapping/release/usage.txt
com.example.wyd_front.BuildConfig
com.example.wyd_front.R$attr
com.example.wyd_front.R$color
com.example.wyd_front.R$dimen
com.example.wyd_front.R$drawable
com.example.wyd_front.R$id
com.example.wyd_front.R$integer
com.example.wyd_front.R$layout
com.example.wyd_front.R$mipmap
com.example.wyd_front.R$string
com.example.wyd_front.R$style
com.example.wyd_front.R$styleable
com.example.wyd_front.R
...
androidx.fragment.app.FragmentTransitionCompat21$1
androidx.fragment.app.FragmentTransitionCompat21$2
androidx.fragment.app.FragmentTransitionCompat21$3
androidx.fragment.app.FragmentTransitionCompat21$4
androidx.fragment.app.FragmentTransitionCompat21
androidx.fragment.app.FragmentTransitionImpl$1
androidx.fragment.app.FragmentTransitionImpl$2
androidx.fragment.app.FragmentTransitionImpl$3
androidx.fragment.app.FragmentTransitionImpl
androidx.fragment.app.FragmentViewLifecycleOwner
androidx.fragment.app.ListFragment$1
androidx.fragment.app.ListFragment$2
androidx.fragment.app.ListFragment
androidx.fragment.app.SuperNotCalledException
androidx.lifecycle.AndroidViewModel
androidx.lifecycle.ClassesInfoCache$CallbackInfo:
    final java.util.Map mEventToHandlers
    final java.util.Map mHandlerToEvent
    void <init>(java.util.Map)
    private static void invokeMethodsForEvent(java.util.List,androidx.lifecycle.LifecycleOwner,androidx.lifecycle.Lifecycle$Event,java.lang.Object)
androidx.lifecycle.ClassesInfoCache$MethodReference
androidx.lifecycle.ClassesInfoCache
androidx.lifecycle.CompositeGeneratedAdaptersObserver:
    void <init>(androidx.lifecycle.GeneratedAdapter[])
androidx.lifecycle.ComputableLiveData$1
androidx.lifecycle.ComputableLiveData$2
androidx.lifecycle.ComputableLiveData$3
androidx.lifecycle.ComputableLiveData
androidx.lifecycle.DefaultLifecycleObserver
androidx.lifecycle.FullLifecycleObserverAdapter:
    void <init>(androidx.lifecycle.FullLifecycleObserver,androidx.lifecycle.LifecycleEventObserver)
androidx.lifecycle.GenericLifecycleObserver
androidx.lifecycle.Lifecycle:
    public abstract void addObserver(androidx.lifecycle.LifecycleObserver)
androidx.lifecycle.LifecycleRegistry$ObserverWithState:
    void <init>(androidx.lifecycle.LifecycleObserver,androidx.lifecycle.Lifecycle$State)
androidx.lifecycle.LifecycleRegistry:
    public void addObserver(androidx.lifecycle.LifecycleObserver)
    private androidx.lifecycle.Lifecycle$State calculateTargetState(androidx.lifecycle.LifecycleObserver)
    public int getObserverCount()
    public void markState(androidx.lifecycle.Lifecycle$State)
    public void setCurrentState(androidx.lifecycle.Lifecycle$State)
androidx.lifecycle.LifecycleRegistryOwner
androidx.lifecycle.Lifecycling$1:
    void <init>(androidx.lifecycle.LifecycleEventObserver)
androidx.lifecycle.Lifecycling
androidx.lifecycle.LiveData$1
androidx.lifecycle.LiveData$AlwaysActiveObserver
androidx.lifecycle.LiveData$LifecycleBoundObserver:
    void <init>(androidx.lifecycle.LiveData,androidx.lifecycle.LifecycleOwner,androidx.lifecycle.Observer)
    void detachObserver()
    boolean isAttachedTo(androidx.lifecycle.LifecycleOwner)
androidx.lifecycle.LiveData$ObserverWrapper:
    int mLastVersion
    void <init>(androidx.lifecycle.LiveData,androidx.lifecycle.Observer)
    void detachObserver()
    boolean isAttachedTo(androidx.lifecycle.LifecycleOwner)
    abstract boolean shouldBeActive()